21:53:35 [ INFO] entering alternate screen mode.
21:53:35 [ INFO] entered alternate screen mode.
21:54:12 [ INFO] torrent stats: [241, 168, 219, 34, 255, 226, 12, 112, 20, 198, 38, 123, 95, 104, 185, 127, 220, 67, 139, 26]
21:54:13 [ INFO] torrent stats: [241, 168, 219, 34, 255, 226, 12, 112, 20, 198, 38, 123, 95, 104, 185, 127, 220, 67, 139, 26]
21:54:14 [ INFO] torrent stats: [241, 168, 219, 34, 255, 226, 12, 112, 20, 198, 38, 123, 95, 104, 185, 127, 220, 67, 139, 26]
21:54:15 [ INFO] torrent stats: [241, 168, 219, 34, 255, 226, 12, 112, 20, 198, 38, 123, 95, 104, 185, 127, 220, 67, 139, 26]
21:54:16 [ INFO] torrent stats: [241, 168, 219, 34, 255, 226, 12, 112, 20, 198, 38, 123, 95, 104, 185, 127, 220, 67, 139, 26]
21:54:17 [ INFO] torrent stats: [241, 168, 219, 34, 255, 226, 12, 112, 20, 198, 38, 123, 95, 104, 185, 127, 220, 67, 139, 26]
21:54:18 [ INFO] torrent stats: [241, 168, 219, 34, 255, 226, 12, 112, 20, 198, 38, 123, 95, 104, 185, 127, 220, 67, 139, 26]
21:54:19 [ INFO] torrent stats: [241, 168, 219, 34, 255, 226, 12, 112, 20, 198, 38, 123, 95, 104, 185, 127, 220, 67, 139, 26]
21:54:20 [ INFO] torrent stats: [241, 168, 219, 34, 255, 226, 12, 112, 20, 198, 38, 123, 95, 104, 185, 127, 220, 67, 139, 26]
21:54:21 [ INFO] torrent stats: [241, 168, 219, 34, 255, 226, 12, 112, 20, 198, 38, 123, 95, 104, 185, 127, 220, 67, 139, 26]
21:54:22 [ INFO] torrent stats: [241, 168, 219, 34, 255, 226, 12, 112, 20, 198, 38, 123, 95, 104, 185, 127, 220, 67, 139, 26]
21:54:23 [ INFO] torrent stats: [241, 168, 219, 34, 255, 226, 12, 112, 20, 198, 38, 123, 95, 104, 185, 127, 220, 67, 139, 26]
21:54:24 [ INFO] torrent stats: [241, 168, 219, 34, 255, 226, 12, 112, 20, 198, 38, 123, 95, 104, 185, 127, 220, 67, 139, 26]
21:54:25 [ INFO] torrent stats: [241, 168, 219, 34, 255, 226, 12, 112, 20, 198, 38, 123, 95, 104, 185, 127, 220, 67, 139, 26]
21:54:26 [ INFO] torrent stats: [241, 168, 219, 34, 255, 226, 12, 112, 20, 198, 38, 123, 95, 104, 185, 127, 220, 67, 139, 26]
21:54:27 [ INFO] torrent stats: [241, 168, 219, 34, 255, 226, 12, 112, 20, 198, 38, 123, 95, 104, 185, 127, 220, 67, 139, 26]
21:54:28 [ INFO] torrent stats: [241, 168, 219, 34, 255, 226, 12, 112, 20, 198, 38, 123, 95, 104, 185, 127, 220, 67, 139, 26]
21:54:29 [ INFO] torrent stats: [241, 168, 219, 34, 255, 226, 12, 112, 20, 198, 38, 123, 95, 104, 185, 127, 220, 67, 139, 26]
21:54:29 [ INFO] q pressed, quitting...
21:54:30 [ INFO] torrent stats: [241, 168, 219, 34, 255, 226, 12, 112, 20, 198, 38, 123, 95, 104, 185, 127, 220, 67, 139, 26]
21:54:30 [ INFO] leaving alternate screen mode.
21:54:30 [ INFO] left alternate screen mode.
